mode: set
github.com/layervai/qurl-reverse-proxy/pkg/audit/logger.go:28.33,28.34 0 1
github.com/layervai/qurl-reverse-proxy/pkg/audit/logger.go:29.32,29.46 1 1
github.com/layervai/qurl-reverse-proxy/pkg/audit/logger.go:53.61,54.24 1 1
github.com/layervai/qurl-reverse-proxy/pkg/audit/logger.go:54.24,56.3 1 0
github.com/layervai/qurl-reverse-proxy/pkg/audit/logger.go:59.2,60.48 2 1
github.com/layervai/qurl-reverse-proxy/pkg/audit/logger.go:60.48,62.3 1 0
github.com/layervai/qurl-reverse-proxy/pkg/audit/logger.go:64.2,65.16 2 1
github.com/layervai/qurl-reverse-proxy/pkg/audit/logger.go:65.16,67.3 1 0
github.com/layervai/qurl-reverse-proxy/pkg/audit/logger.go:69.2,70.18 2 1
github.com/layervai/qurl-reverse-proxy/pkg/audit/logger.go:70.18,72.3 1 1
github.com/layervai/qurl-reverse-proxy/pkg/audit/logger.go:74.2,83.15 3 1
github.com/layervai/qurl-reverse-proxy/pkg/audit/logger.go:89.40,94.9 4 1
github.com/layervai/qurl-reverse-proxy/pkg/audit/logger.go:95.21,95.21 0 1
github.com/layervai/qurl-reverse-proxy/pkg/audit/logger.go:96.10,97.111 1 0
github.com/layervai/qurl-reverse-proxy/pkg/audit/logger.go:103.37,105.24 2 1
github.com/layervai/qurl-reverse-proxy/pkg/audit/logger.go:105.24,109.3 3 1
github.com/layervai/qurl-reverse-proxy/pkg/audit/logger.go:110.2,110.12 1 1
github.com/layervai/qurl-reverse-proxy/pkg/audit/logger.go:116.29,125.6 6 1
github.com/layervai/qurl-reverse-proxy/pkg/audit/logger.go:125.6,126.10 1 1
github.com/layervai/qurl-reverse-proxy/pkg/audit/logger.go:127.28,128.11 1 1
github.com/layervai/qurl-reverse-proxy/pkg/audit/logger.go:128.11,132.5 2 1
github.com/layervai/qurl-reverse-proxy/pkg/audit/logger.go:133.4,134.35 2 1
github.com/layervai/qurl-reverse-proxy/pkg/audit/logger.go:134.35,136.5 1 0
github.com/layervai/qurl-reverse-proxy/pkg/audit/logger.go:137.19,138.14 1 0
github.com/layervai/qurl-reverse-proxy/pkg/service/launchd.go:16.20,18.2 1 0
github.com/layervai/qurl-reverse-proxy/pkg/service/launchd.go:20.52,22.16 2 0
github.com/layervai/qurl-reverse-proxy/pkg/service/launchd.go:22.16,24.3 1 0
github.com/layervai/qurl-reverse-proxy/pkg/service/launchd.go:26.2,27.16 2 0
github.com/layervai/qurl-reverse-proxy/pkg/service/launchd.go:27.16,29.3 1 0
github.com/layervai/qurl-reverse-proxy/pkg/service/launchd.go:32.2,32.68 1 0
github.com/layervai/qurl-reverse-proxy/pkg/service/launchd.go:32.68,34.3 1 0
github.com/layervai/qurl-reverse-proxy/pkg/service/launchd.go:37.2,37.51 1 0
github.com/layervai/qurl-reverse-proxy/pkg/service/launchd.go:37.51,39.3 1 0
github.com/layervai/qurl-reverse-proxy/pkg/service/launchd.go:41.2,47.16 2 0
github.com/layervai/qurl-reverse-proxy/pkg/service/launchd.go:47.16,49.3 1 0
github.com/layervai/qurl-reverse-proxy/pkg/service/launchd.go:51.2,51.72 1 0
github.com/layervai/qurl-reverse-proxy/pkg/service/launchd.go:51.72,53.3 1 0
github.com/layervai/qurl-reverse-proxy/pkg/service/launchd.go:55.2,56.53 2 0
github.com/layervai/qurl-reverse-proxy/pkg/service/launchd.go:56.53,58.3 1 0
github.com/layervai/qurl-reverse-proxy/pkg/service/launchd.go:60.2,60.12 1 0
github.com/layervai/qurl-reverse-proxy/pkg/service/launchd.go:63.44,65.16 2 0
github.com/layervai/qurl-reverse-proxy/pkg/service/launchd.go:65.16,67.3 1 0
github.com/layervai/qurl-reverse-proxy/pkg/service/launchd.go:70.2,73.68 3 0
github.com/layervai/qurl-reverse-proxy/pkg/service/launchd.go:73.68,75.3 1 0
github.com/layervai/qurl-reverse-proxy/pkg/service/launchd.go:77.2,77.12 1 0
github.com/layervai/qurl-reverse-proxy/pkg/service/launchd.go:80.58,82.16 2 0
github.com/layervai/qurl-reverse-proxy/pkg/service/launchd.go:82.16,84.3 1 0
github.com/layervai/qurl-reverse-proxy/pkg/service/launchd.go:86.2,89.46 2 0
github.com/layervai/qurl-reverse-proxy/pkg/service/launchd.go:89.46,91.3 1 0
github.com/layervai/qurl-reverse-proxy/pkg/service/launchd.go:91.8,91.31 1 0
github.com/layervai/qurl-reverse-proxy/pkg/service/launchd.go:91.31,93.3 1 0
github.com/layervai/qurl-reverse-proxy/pkg/service/launchd.go:93.8,95.3 1 0
github.com/layervai/qurl-reverse-proxy/pkg/service/launchd.go:98.2,100.16 3 0
github.com/layervai/qurl-reverse-proxy/pkg/service/launchd.go:100.16,102.3 1 0
github.com/layervai/qurl-reverse-proxy/pkg/service/launchd.go:104.2,104.52 1 0
github.com/layervai/qurl-reverse-proxy/pkg/service/launchd.go:104.52,106.3 1 0
github.com/layervai/qurl-reverse-proxy/pkg/service/launchd.go:108.2,108.20 1 0
github.com/layervai/qurl-reverse-proxy/pkg/service/templates.go:81.64,83.16 2 1
github.com/layervai/qurl-reverse-proxy/pkg/service/templates.go:83.16,85.3 1 0
github.com/layervai/qurl-reverse-proxy/pkg/service/templates.go:86.2,87.49 2 1
github.com/layervai/qurl-reverse-proxy/pkg/service/templates.go:87.49,89.3 1 0
github.com/layervai/qurl-reverse-proxy/pkg/service/templates.go:90.2,90.26 1 1
github.com/layervai/qurl-reverse-proxy/pkg/service/templates.go:94.62,96.16 2 1
github.com/layervai/qurl-reverse-proxy/pkg/service/templates.go:96.16,98.3 1 0
github.com/layervai/qurl-reverse-proxy/pkg/service/templates.go:99.2,100.49 2 1
github.com/layervai/qurl-reverse-proxy/pkg/service/templates.go:100.49,102.3 1 0
github.com/layervai/qurl-reverse-proxy/pkg/service/templates.go:103.2,103.26 1 1
github.com/layervai/qurl-reverse-proxy/pkg/service/templates.go:107.41,109.16 2 1
github.com/layervai/qurl-reverse-proxy/pkg/service/templates.go:109.16,111.3 1 0
github.com/layervai/qurl-reverse-proxy/pkg/service/templates.go:112.2,112.83 1 1
github.com/layervai/qurl-reverse-proxy/pkg/service/templates.go:116.38,118.16 2 1
github.com/layervai/qurl-reverse-proxy/pkg/service/templates.go:118.16,120.3 1 0
github.com/layervai/qurl-reverse-proxy/pkg/service/templates.go:121.2,121.60 1 1
github.com/layervai/qurl-reverse-proxy/pkg/service/templates.go:126.54,127.15 1 1
github.com/layervai/qurl-reverse-proxy/pkg/service/templates.go:127.15,129.17 2 1
github.com/layervai/qurl-reverse-proxy/pkg/service/templates.go:129.17,131.4 1 0
github.com/layervai/qurl-reverse-proxy/pkg/service/templates.go:132.3,132.81 1 1
github.com/layervai/qurl-reverse-proxy/pkg/service/templates.go:134.2,134.73 1 1
github.com/layervai/qurl-reverse-proxy/pkg/config/config.go:74.38,75.73 1 1
github.com/layervai/qurl-reverse-proxy/pkg/config/config.go:75.73,77.19 2 1
github.com/layervai/qurl-reverse-proxy/pkg/config/config.go:77.19,79.4 1 0
github.com/layervai/qurl-reverse-proxy/pkg/config/config.go:80.3,83.40 3 1
github.com/layervai/qurl-reverse-proxy/pkg/config/config.go:83.40,85.4 1 1
github.com/layervai/qurl-reverse-proxy/pkg/config/config.go:86.3,86.20 1 1
github.com/layervai/qurl-reverse-proxy/pkg/config/config.go:92.41,94.16 2 1
github.com/layervai/qurl-reverse-proxy/pkg/config/config.go:94.16,96.3 1 1
github.com/layervai/qurl-reverse-proxy/pkg/config/config.go:98.2,103.41 5 1
github.com/layervai/qurl-reverse-proxy/pkg/config/config.go:103.41,105.3 1 0
github.com/layervai/qurl-reverse-proxy/pkg/config/config.go:107.2,109.39 2 1
github.com/layervai/qurl-reverse-proxy/pkg/config/config.go:109.39,111.3 1 1
github.com/layervai/qurl-reverse-proxy/pkg/config/config.go:113.2,113.18 1 1
github.com/layervai/qurl-reverse-proxy/pkg/config/config.go:117.33,118.26 1 1
github.com/layervai/qurl-reverse-proxy/pkg/config/config.go:118.26,120.3 1 1
github.com/layervai/qurl-reverse-proxy/pkg/config/config.go:121.2,121.28 1 1
github.com/layervai/qurl-reverse-proxy/pkg/config/config.go:121.28,122.34 1 1
github.com/layervai/qurl-reverse-proxy/pkg/config/config.go:122.34,124.4 1 1
github.com/layervai/qurl-reverse-proxy/pkg/config/discovery.go:25.74,27.22 1 1
github.com/layervai/qurl-reverse-proxy/pkg/config/discovery.go:27.22,28.48 1 1
github.com/layervai/qurl-reverse-proxy/pkg/config/discovery.go:28.48,30.4 1 1
github.com/layervai/qurl-reverse-proxy/pkg/config/discovery.go:31.3,31.32 1 1
github.com/layervai/qurl-reverse-proxy/pkg/config/discovery.go:35.2,35.40 1 1
github.com/layervai/qurl-reverse-proxy/pkg/config/discovery.go:35.40,37.20 2 1
github.com/layervai/qurl-reverse-proxy/pkg/config/discovery.go:37.20,39.4 1 1
github.com/layervai/qurl-reverse-proxy/pkg/config/discovery.go:43.2,43.48 1 1
github.com/layervai/qurl-reverse-proxy/pkg/config/discovery.go:43.48,45.20 2 1
github.com/layervai/qurl-reverse-proxy/pkg/config/discovery.go:45.20,47.4 1 0
github.com/layervai/qurl-reverse-proxy/pkg/config/discovery.go:51.2,51.47 1 1
github.com/layervai/qurl-reverse-proxy/pkg/config/discovery.go:51.47,53.20 2 1
github.com/layervai/qurl-reverse-proxy/pkg/config/discovery.go:53.20,55.4 1 1
github.com/layervai/qurl-reverse-proxy/pkg/config/discovery.go:59.2,59.48 1 1
github.com/layervai/qurl-reverse-proxy/pkg/config/discovery.go:59.48,61.20 2 1
github.com/layervai/qurl-reverse-proxy/pkg/config/discovery.go:61.20,63.4 1 0
github.com/layervai/qurl-reverse-proxy/pkg/config/discovery.go:66.2,66.102 1 1
github.com/layervai/qurl-reverse-proxy/pkg/config/discovery.go:70.35,73.2 2 1
github.com/layervai/qurl-reverse-proxy/pkg/config/discovery.go:77.38,79.16 2 1
github.com/layervai/qurl-reverse-proxy/pkg/config/discovery.go:79.16,81.3 1 0
github.com/layervai/qurl-reverse-proxy/pkg/config/discovery.go:82.2,83.16 2 1
github.com/layervai/qurl-reverse-proxy/pkg/config/discovery.go:83.16,85.3 1 0
github.com/layervai/qurl-reverse-proxy/pkg/config/discovery.go:86.2,86.31 1 1
github.com/layervai/qurl-reverse-proxy/pkg/config/frpgen.go:13.139,19.28 2 1
github.com/layervai/qurl-reverse-proxy/pkg/config/frpgen.go:19.28,21.3 1 1
github.com/layervai/qurl-reverse-proxy/pkg/config/frpgen.go:23.2,23.31 1 1
github.com/layervai/qurl-reverse-proxy/pkg/config/frpgen.go:23.31,25.3 1 1
github.com/layervai/qurl-reverse-proxy/pkg/config/frpgen.go:27.2,28.35 2 1
github.com/layervai/qurl-reverse-proxy/pkg/config/frpgen.go:28.35,30.17 2 1
github.com/layervai/qurl-reverse-proxy/pkg/config/frpgen.go:30.17,32.4 1 1
github.com/layervai/qurl-reverse-proxy/pkg/config/frpgen.go:33.3,33.32 1 1
github.com/layervai/qurl-reverse-proxy/pkg/config/frpgen.go:37.2,37.34 1 1
github.com/layervai/qurl-reverse-proxy/pkg/config/frpgen.go:41.74,42.16 1 1
github.com/layervai/qurl-reverse-proxy/pkg/config/frpgen.go:43.21,44.43 1 1
github.com/layervai/qurl-reverse-proxy/pkg/config/frpgen.go:45.20,46.31 1 1
github.com/layervai/qurl-reverse-proxy/pkg/config/frpgen.go:47.10,48.62 1 1
github.com/layervai/qurl-reverse-proxy/pkg/config/frpgen.go:53.68,64.25 9 1
github.com/layervai/qurl-reverse-proxy/pkg/config/frpgen.go:64.25,66.3 1 1
github.com/layervai/qurl-reverse-proxy/pkg/config/frpgen.go:68.2,68.24 1 1
github.com/layervai/qurl-reverse-proxy/pkg/config/frpgen.go:68.24,72.3 1 1
github.com/layervai/qurl-reverse-proxy/pkg/config/frpgen.go:74.2,74.11 1 1
github.com/layervai/qurl-reverse-proxy/pkg/config/frpgen.go:78.48,86.2 7 1
github.com/layervai/qurl-reverse-proxy/pkg/config/frpgen.go:90.50,95.2 3 1
github.com/layervai/qurl-reverse-proxy/pkg/config/save.go:13.43,14.16 1 1
github.com/layervai/qurl-reverse-proxy/pkg/config/save.go:14.16,16.3 1 1
github.com/layervai/qurl-reverse-proxy/pkg/config/save.go:18.2,19.48 2 1
github.com/layervai/qurl-reverse-proxy/pkg/config/save.go:19.48,21.3 1 0
github.com/layervai/qurl-reverse-proxy/pkg/config/save.go:23.2,24.16 2 1
github.com/layervai/qurl-reverse-proxy/pkg/config/save.go:24.16,26.3 1 0
github.com/layervai/qurl-reverse-proxy/pkg/config/save.go:28.2,28.56 1 1
github.com/layervai/qurl-reverse-proxy/pkg/config/save.go:28.56,30.3 1 0
github.com/layervai/qurl-reverse-proxy/pkg/config/save.go:32.2,32.12 1 1
github.com/layervai/qurl-reverse-proxy/pkg/config/validate.go:10.34,14.79 2 1
github.com/layervai/qurl-reverse-proxy/pkg/config/validate.go:14.79,16.3 1 1
github.com/layervai/qurl-reverse-proxy/pkg/config/validate.go:19.2,20.31 2 1
github.com/layervai/qurl-reverse-proxy/pkg/config/validate.go:20.31,23.19 2 1
github.com/layervai/qurl-reverse-proxy/pkg/config/validate.go:23.19,25.4 1 1
github.com/layervai/qurl-reverse-proxy/pkg/config/validate.go:25.9,25.26 1 1
github.com/layervai/qurl-reverse-proxy/pkg/config/validate.go:25.26,27.4 1 1
github.com/layervai/qurl-reverse-proxy/pkg/config/validate.go:27.9,29.4 1 1
github.com/layervai/qurl-reverse-proxy/pkg/config/validate.go:31.3,31.17 1 1
github.com/layervai/qurl-reverse-proxy/pkg/config/validate.go:32.22,32.22 0 1
github.com/layervai/qurl-reverse-proxy/pkg/config/validate.go:34.21,34.21 0 1
github.com/layervai/qurl-reverse-proxy/pkg/config/validate.go:36.11,37.97 1 1
github.com/layervai/qurl-reverse-proxy/pkg/config/validate.go:40.3,40.45 1 1
github.com/layervai/qurl-reverse-proxy/pkg/config/validate.go:40.45,42.4 1 1
github.com/layervai/qurl-reverse-proxy/pkg/config/validate.go:45.2,45.29 1 1
github.com/layervai/qurl-reverse-proxy/pkg/version/version.go:18.20,21.2 1 0
github.com/layervai/qurl-reverse-proxy/pkg/version/version.go:23.21,25.2 1 0
github.com/layervai/qurl-reverse-proxy/pkg/middleware/handler.go:33.52,37.2 1 1
github.com/layervai/qurl-reverse-proxy/pkg/middleware/handler.go:40.59,44.2 3 1
github.com/layervai/qurl-reverse-proxy/pkg/middleware/handler.go:47.61,51.2 3 0
github.com/layervai/qurl-reverse-proxy/pkg/middleware/handler.go:54.67,58.2 3 1
github.com/layervai/qurl-reverse-proxy/pkg/middleware/handler.go:72.75,74.18 2 1
github.com/layervai/qurl-reverse-proxy/pkg/middleware/handler.go:74.18,76.3 1 1
github.com/layervai/qurl-reverse-proxy/pkg/middleware/handler.go:78.2,78.18 1 1
github.com/layervai/qurl-reverse-proxy/pkg/middleware/handler.go:78.18,85.3 1 1
github.com/layervai/qurl-reverse-proxy/pkg/middleware/handler.go:87.2,88.16 2 1
github.com/layervai/qurl-reverse-proxy/pkg/middleware/handler.go:88.16,90.3 1 0
github.com/layervai/qurl-reverse-proxy/pkg/middleware/handler.go:92.2,99.8 1 1
github.com/layervai/qurl-reverse-proxy/pkg/middleware/handler.go:104.79,106.24 1 1
github.com/layervai/qurl-reverse-proxy/pkg/middleware/handler.go:106.24,109.3 2 1
github.com/layervai/qurl-reverse-proxy/pkg/middleware/handler.go:111.2,113.23 2 1
github.com/layervai/qurl-reverse-proxy/pkg/middleware/handler.go:113.23,117.3 3 1
github.com/layervai/qurl-reverse-proxy/pkg/middleware/handler.go:119.2,120.16 2 1
github.com/layervai/qurl-reverse-proxy/pkg/middleware/handler.go:120.16,125.3 4 1
github.com/layervai/qurl-reverse-proxy/pkg/middleware/handler.go:128.2,128.69 1 1
github.com/layervai/qurl-reverse-proxy/pkg/middleware/handler.go:128.69,132.3 3 1
github.com/layervai/qurl-reverse-proxy/pkg/middleware/handler.go:135.2,135.23 1 1
github.com/layervai/qurl-reverse-proxy/pkg/middleware/handler.go:135.23,137.53 2 1
github.com/layervai/qurl-reverse-proxy/pkg/middleware/handler.go:137.53,141.4 3 1
github.com/layervai/qurl-reverse-proxy/pkg/middleware/handler.go:145.2,146.30 2 1
github.com/layervai/qurl-reverse-proxy/pkg/middleware/handler.go:150.37,151.23 1 1
github.com/layervai/qurl-reverse-proxy/pkg/middleware/handler.go:151.23,153.3 1 1
github.com/layervai/qurl-reverse-proxy/pkg/middleware/handler.go:156.104,157.26 1 1
github.com/layervai/qurl-reverse-proxy/pkg/middleware/handler.go:157.26,159.3 1 0
github.com/layervai/qurl-reverse-proxy/pkg/middleware/handler.go:161.2,169.19 2 1
github.com/layervai/qurl-reverse-proxy/pkg/middleware/handler.go:169.19,173.3 3 1
github.com/layervai/qurl-reverse-proxy/pkg/middleware/handler.go:175.2,175.26 1 1
github.com/layervai/qurl-reverse-proxy/pkg/middleware/handler.go:178.50,179.9 1 1
github.com/layervai/qurl-reverse-proxy/pkg/middleware/handler.go:180.30,181.33 1 1
github.com/layervai/qurl-reverse-proxy/pkg/middleware/handler.go:182.34,183.42 1 0
github.com/layervai/qurl-reverse-proxy/pkg/middleware/handler.go:184.31,185.39 1 0
github.com/layervai/qurl-reverse-proxy/pkg/middleware/handler.go:186.32,187.35 1 1
github.com/layervai/qurl-reverse-proxy/pkg/middleware/handler.go:188.10,189.35 1 0
github.com/layervai/qurl-reverse-proxy/pkg/middleware/handler.go:195.40,197.9 2 1
github.com/layervai/qurl-reverse-proxy/pkg/middleware/handler.go:197.9,200.3 1 1
github.com/layervai/qurl-reverse-proxy/pkg/middleware/handler.go:201.2,202.16 2 0
github.com/layervai/qurl-reverse-proxy/pkg/middleware/handler.go:202.16,204.3 1 0
github.com/layervai/qurl-reverse-proxy/pkg/middleware/handler.go:205.2,205.14 1 0
github.com/layervai/qurl-reverse-proxy/pkg/middleware/onetimeuse.go:18.73,19.26 1 1
github.com/layervai/qurl-reverse-proxy/pkg/middleware/onetimeuse.go:19.26,21.3 1 1
github.com/layervai/qurl-reverse-proxy/pkg/middleware/onetimeuse.go:23.2,30.10 3 1
github.com/layervai/qurl-reverse-proxy/pkg/middleware/onetimeuse.go:36.77,40.44 3 1
github.com/layervai/qurl-reverse-proxy/pkg/middleware/onetimeuse.go:40.44,42.3 1 1
github.com/layervai/qurl-reverse-proxy/pkg/middleware/onetimeuse.go:44.2,45.13 2 1
github.com/layervai/qurl-reverse-proxy/pkg/middleware/onetimeuse.go:49.35,51.2 1 1
github.com/layervai/qurl-reverse-proxy/pkg/middleware/onetimeuse.go:53.59,57.6 3 1
github.com/layervai/qurl-reverse-proxy/pkg/middleware/onetimeuse.go:57.6,58.10 1 1
github.com/layervai/qurl-reverse-proxy/pkg/middleware/onetimeuse.go:59.20,60.10 1 1
github.com/layervai/qurl-reverse-proxy/pkg/middleware/onetimeuse.go:61.19,62.20 1 1
github.com/layervai/qurl-reverse-proxy/pkg/middleware/onetimeuse.go:67.42,73.33 4 1
github.com/layervai/qurl-reverse-proxy/pkg/middleware/onetimeuse.go:73.33,74.24 1 1
github.com/layervai/qurl-reverse-proxy/pkg/middleware/onetimeuse.go:74.24,76.4 1 1
github.com/layervai/qurl-reverse-proxy/pkg/middleware/session.go:43.99,45.18 2 1
github.com/layervai/qurl-reverse-proxy/pkg/middleware/session.go:45.18,47.3 1 1
github.com/layervai/qurl-reverse-proxy/pkg/middleware/session.go:49.2,50.16 2 1
github.com/layervai/qurl-reverse-proxy/pkg/middleware/session.go:50.16,52.3 1 0
github.com/layervai/qurl-reverse-proxy/pkg/middleware/session.go:54.2,54.40 1 1
github.com/layervai/qurl-reverse-proxy/pkg/middleware/session.go:54.40,56.3 1 0
github.com/layervai/qurl-reverse-proxy/pkg/middleware/session.go:58.2,58.20 1 1
github.com/layervai/qurl-reverse-proxy/pkg/middleware/session.go:58.20,60.3 1 1
github.com/layervai/qurl-reverse-proxy/pkg/middleware/session.go:62.2,65.8 1 1
github.com/layervai/qurl-reverse-proxy/pkg/middleware/session.go:71.74,73.16 2 1
github.com/layervai/qurl-reverse-proxy/pkg/middleware/session.go:73.16,75.3 1 1
github.com/layervai/qurl-reverse-proxy/pkg/middleware/session.go:77.2,78.57 2 1
github.com/layervai/qurl-reverse-proxy/pkg/middleware/session.go:78.57,80.3 1 1
github.com/layervai/qurl-reverse-proxy/pkg/middleware/session.go:83.2,83.104 1 1
github.com/layervai/qurl-reverse-proxy/pkg/middleware/session.go:83.104,85.3 1 1
github.com/layervai/qurl-reverse-proxy/pkg/middleware/session.go:88.2,89.47 2 1
github.com/layervai/qurl-reverse-proxy/pkg/middleware/session.go:89.47,91.3 1 1
github.com/layervai/qurl-reverse-proxy/pkg/middleware/session.go:93.2,93.21 1 1
github.com/layervai/qurl-reverse-proxy/pkg/apiclient/client.go:39.57,40.19 1 1
github.com/layervai/qurl-reverse-proxy/pkg/apiclient/client.go:40.19,42.3 1 1
github.com/layervai/qurl-reverse-proxy/pkg/apiclient/client.go:43.2,52.27 3 1
github.com/layervai/qurl-reverse-proxy/pkg/apiclient/client.go:52.27,54.3 1 1
github.com/layervai/qurl-reverse-proxy/pkg/apiclient/client.go:55.2,55.10 1 1
github.com/layervai/qurl-reverse-proxy/pkg/apiclient/client.go:59.44,60.30 1 0
github.com/layervai/qurl-reverse-proxy/pkg/apiclient/client.go:60.30,62.3 1 0
github.com/layervai/qurl-reverse-proxy/pkg/apiclient/client.go:66.38,67.25 1 1
github.com/layervai/qurl-reverse-proxy/pkg/apiclient/client.go:67.25,69.3 1 1
github.com/layervai/qurl-reverse-proxy/pkg/apiclient/client.go:74.35,75.25 1 1
github.com/layervai/qurl-reverse-proxy/pkg/apiclient/client.go:75.25,76.12 1 1
github.com/layervai/qurl-reverse-proxy/pkg/apiclient/client.go:76.12,78.4 1 1
github.com/layervai/qurl-reverse-proxy/pkg/apiclient/client.go:79.3,79.19 1 1
github.com/layervai/qurl-reverse-proxy/pkg/apiclient/client.go:84.42,85.25 1 1
github.com/layervai/qurl-reverse-proxy/pkg/apiclient/client.go:85.25,87.3 1 1
github.com/layervai/qurl-reverse-proxy/pkg/apiclient/client.go:94.91,98.17 3 1
github.com/layervai/qurl-reverse-proxy/pkg/apiclient/client.go:98.17,101.17 3 1
github.com/layervai/qurl-reverse-proxy/pkg/apiclient/client.go:101.17,103.4 1 0
github.com/layervai/qurl-reverse-proxy/pkg/apiclient/client.go:106.2,116.32 4 1
github.com/layervai/qurl-reverse-proxy/pkg/apiclient/client.go:116.32,118.21 2 1
github.com/layervai/qurl-reverse-proxy/pkg/apiclient/client.go:118.21,120.4 1 1
github.com/layervai/qurl-reverse-proxy/pkg/apiclient/client.go:122.3,123.17 2 1
github.com/layervai/qurl-reverse-proxy/pkg/apiclient/client.go:123.17,125.4 1 0
github.com/layervai/qurl-reverse-proxy/pkg/apiclient/client.go:127.3,129.18 3 1
github.com/layervai/qurl-reverse-proxy/pkg/apiclient/client.go:129.18,131.4 1 1
github.com/layervai/qurl-reverse-proxy/pkg/apiclient/client.go:133.3,134.17 2 1
github.com/layervai/qurl-reverse-proxy/pkg/apiclient/client.go:134.17,138.4 1 1
github.com/layervai/qurl-reverse-proxy/pkg/apiclient/client.go:140.3,142.17 3 1
github.com/layervai/qurl-reverse-proxy/pkg/apiclient/client.go:142.17,144.4 1 0
github.com/layervai/qurl-reverse-proxy/pkg/apiclient/client.go:147.3,147.54 1 1
github.com/layervai/qurl-reverse-proxy/pkg/apiclient/client.go:147.54,148.42 1 1
github.com/layervai/qurl-reverse-proxy/pkg/apiclient/client.go:148.42,149.60 1 1
github.com/layervai/qurl-reverse-proxy/pkg/apiclient/client.go:149.60,151.6 1 0
github.com/layervai/qurl-reverse-proxy/pkg/apiclient/client.go:153.4,153.14 1 1
github.com/layervai/qurl-reverse-proxy/pkg/apiclient/client.go:157.3,161.29 3 1
github.com/layervai/qurl-reverse-proxy/pkg/apiclient/client.go:161.29,163.4 1 0
github.com/layervai/qurl-reverse-proxy/pkg/apiclient/client.go:164.3,168.44 3 1
github.com/layervai/qurl-reverse-proxy/pkg/apiclient/client.go:168.44,170.4 1 1
github.com/layervai/qurl-reverse-proxy/pkg/apiclient/client.go:173.3,176.29 2 1
github.com/layervai/qurl-reverse-proxy/pkg/apiclient/client.go:176.29,177.54 1 1
github.com/layervai/qurl-reverse-proxy/pkg/apiclient/client.go:177.54,178.62 1 1
github.com/layervai/qurl-reverse-proxy/pkg/apiclient/client.go:178.62,180.6 1 0
github.com/layervai/qurl-reverse-proxy/pkg/apiclient/client.go:184.3,192.10 2 1
github.com/layervai/qurl-reverse-proxy/pkg/apiclient/client.go:193.21,194.20 1 0
github.com/layervai/qurl-reverse-proxy/pkg/apiclient/client.go:195.27,195.27 0 1
github.com/layervai/qurl-reverse-proxy/pkg/apiclient/client.go:199.2,199.16 1 0
github.com/layervai/qurl-reverse-proxy/pkg/apiclient/client.go:204.75,206.26 2 1
github.com/layervai/qurl-reverse-proxy/pkg/apiclient/client.go:206.26,208.3 1 1
github.com/layervai/qurl-reverse-proxy/pkg/apiclient/client.go:209.2,213.46 3 1
github.com/layervai/qurl-reverse-proxy/pkg/apiclient/errors.go:16.35,17.23 1 1
github.com/layervai/qurl-reverse-proxy/pkg/apiclient/errors.go:17.23,19.3 1 1
github.com/layervai/qurl-reverse-proxy/pkg/apiclient/errors.go:20.2,20.83 1 1
github.com/layervai/qurl-reverse-proxy/pkg/apiclient/errors.go:24.33,26.29 2 1
github.com/layervai/qurl-reverse-proxy/pkg/apiclient/errors.go:26.29,28.3 1 1
github.com/layervai/qurl-reverse-proxy/pkg/apiclient/errors.go:29.2,29.14 1 0
github.com/layervai/qurl-reverse-proxy/pkg/apiclient/errors.go:33.37,35.29 2 1
github.com/layervai/qurl-reverse-proxy/pkg/apiclient/errors.go:35.29,37.3 1 1
github.com/layervai/qurl-reverse-proxy/pkg/apiclient/errors.go:38.2,38.14 1 0
github.com/layervai/qurl-reverse-proxy/pkg/apiclient/errors.go:42.34,44.29 2 1
github.com/layervai/qurl-reverse-proxy/pkg/apiclient/errors.go:44.29,46.3 1 1
github.com/layervai/qurl-reverse-proxy/pkg/apiclient/errors.go:47.2,47.14 1 0
github.com/layervai/qurl-reverse-proxy/pkg/apiclient/errors.go:51.36,53.29 2 1
github.com/layervai/qurl-reverse-proxy/pkg/apiclient/errors.go:53.29,55.3 1 1
github.com/layervai/qurl-reverse-proxy/pkg/apiclient/errors.go:56.2,56.14 1 0
github.com/layervai/qurl-reverse-proxy/pkg/apiclient/errors.go:60.36,62.29 2 1
github.com/layervai/qurl-reverse-proxy/pkg/apiclient/errors.go:62.29,64.3 1 1
github.com/layervai/qurl-reverse-proxy/pkg/apiclient/errors.go:65.2,65.14 1 0
github.com/layervai/qurl-reverse-proxy/pkg/apiclient/health.go:15.69,17.64 2 1
github.com/layervai/qurl-reverse-proxy/pkg/apiclient/health.go:17.64,19.3 1 0
github.com/layervai/qurl-reverse-proxy/pkg/apiclient/health.go:20.2,20.19 1 1
github.com/layervai/qurl-reverse-proxy/pkg/apiclient/heartbeat.go:16.78,17.77 1 1
github.com/layervai/qurl-reverse-proxy/pkg/apiclient/heartbeat.go:17.77,19.3 1 0
github.com/layervai/qurl-reverse-proxy/pkg/apiclient/heartbeat.go:20.2,20.12 1 1
github.com/layervai/qurl-reverse-proxy/pkg/apiclient/resources.go:35.85,37.67 2 1
github.com/layervai/qurl-reverse-proxy/pkg/apiclient/resources.go:37.67,39.3 1 0
github.com/layervai/qurl-reverse-proxy/pkg/apiclient/resources.go:40.2,40.19 1 1
github.com/layervai/qurl-reverse-proxy/pkg/apiclient/resources.go:44.81,46.71 2 1
github.com/layervai/qurl-reverse-proxy/pkg/apiclient/resources.go:46.71,48.3 1 1
github.com/layervai/qurl-reverse-proxy/pkg/apiclient/resources.go:49.2,49.19 1 1
github.com/layervai/qurl-reverse-proxy/pkg/apiclient/resources.go:53.101,55.68 2 1
github.com/layervai/qurl-reverse-proxy/pkg/apiclient/resources.go:55.68,57.3 1 0
github.com/layervai/qurl-reverse-proxy/pkg/apiclient/resources.go:58.2,58.19 1 1
github.com/layervai/qurl-reverse-proxy/pkg/apiclient/resources.go:62.71,63.72 1 1
github.com/layervai/qurl-reverse-proxy/pkg/apiclient/resources.go:63.72,65.3 1 1
github.com/layervai/qurl-reverse-proxy/pkg/apiclient/resources.go:66.2,66.12 1 1
